2017-06-02 13:50:15,017 - Log4JLogChute initialized using file 'velocity.log'
2017-06-02 13:50:15,017 - Initializing Velocity, Calling init()...
2017-06-02 13:50:15,018 - Starting Apache Velocity v1.7 (compiled: 2010-11-19 12:14:37)
2017-06-02 13:50:15,018 - Default Properties File: org\apache\velocity\runtime\defaults\velocity.properties
2017-06-02 13:50:15,018 - Trying to use logger class org.apache.velocity.runtime.log.AvalonLogChute
2017-06-02 13:50:15,018 - Target log system for org.apache.velocity.runtime.log.AvalonLogChute is not available (java.lang.NoClassDefFoundError: org/apache/log/format/Formatter).  Falling back to next log system...
2017-06-02 13:50:15,018 - Trying to use logger class org.apache.velocity.runtime.log.Log4JLogChute
2017-06-02 13:50:15,018 - Using logger class org.apache.velocity.runtime.log.Log4JLogChute
2017-06-02 13:50:15,029 - ResourceLoader instantiated: org.apache.velocity.runtime.resource.loader.FileResourceLoader
2017-06-02 13:50:15,031 - Do unicode file recognition:  false
2017-06-02 13:50:15,031 - FileResourceLoader : adding path '.'
2017-06-02 13:50:15,090 - ResourceCache: initialized (class org.apache.velocity.runtime.resource.ResourceCacheImpl) with class java.util.Collections$SynchronizedMap cache map.
2017-06-02 13:50:15,094 - Loaded System Directive: org.apache.velocity.runtime.directive.Stop
2017-06-02 13:50:15,097 - Loaded System Directive: org.apache.velocity.runtime.directive.Define
2017-06-02 13:50:15,098 - Loaded System Directive: org.apache.velocity.runtime.directive.Break
2017-06-02 13:50:15,100 - Loaded System Directive: org.apache.velocity.runtime.directive.Evaluate
2017-06-02 13:50:15,101 - Loaded System Directive: org.apache.velocity.runtime.directive.Literal
2017-06-02 13:50:15,102 - Loaded System Directive: org.apache.velocity.runtime.directive.Macro
2017-06-02 13:50:15,104 - Loaded System Directive: org.apache.velocity.runtime.directive.Parse
2017-06-02 13:50:15,106 - Loaded System Directive: org.apache.velocity.runtime.directive.Include
2017-06-02 13:50:15,107 - Loaded System Directive: org.apache.velocity.runtime.directive.Foreach
2017-06-02 13:50:15,643 - Created '20' parsers.
2017-06-02 13:50:15,661 - Velocimacro : "velocimacro.library" is not set.  Trying default library: VM_global_library.vm
2017-06-02 13:50:15,661 - Velocimacro : Default library not found.
2017-06-02 13:50:15,661 - Velocimacro : allowInline = true : VMs can be defined inline in templates
2017-06-02 13:50:15,661 - Velocimacro : allowInlineToOverride = false : VMs defined inline may NOT replace previous VM definitions
2017-06-02 13:50:15,661 - Velocimacro : allowInlineLocal = false : VMs defined inline will be global in scope if allowed.
2017-06-02 13:50:15,661 - Velocimacro : autoload off : VM system will not automatically reload global library macros
2017-06-02 13:50:15,664 - ResourceManager : unable to find resource '/E:/eclipse/workspace/nontax-windows-install/target/classes//option_comps/appframe/bosssoft_templet.properties' in any resource loader.
2017-06-02 14:01:42,206 - Log4JLogChute initialized using file 'velocity.log'
2017-06-02 14:01:42,226 - Initializing Velocity, Calling init()...
2017-06-02 14:01:42,226 - Starting Apache Velocity v1.7 (compiled: 2010-11-19 12:14:37)
2017-06-02 14:01:42,226 - Default Properties File: org\apache\velocity\runtime\defaults\velocity.properties
2017-06-02 14:01:42,226 - Trying to use logger class org.apache.velocity.runtime.log.AvalonLogChute
2017-06-02 14:01:42,226 - Target log system for org.apache.velocity.runtime.log.AvalonLogChute is not available (java.lang.NoClassDefFoundError: org/apache/log/format/Formatter).  Falling back to next log system...
2017-06-02 14:01:42,226 - Trying to use logger class org.apache.velocity.runtime.log.Log4JLogChute
2017-06-02 14:01:42,226 - Using logger class org.apache.velocity.runtime.log.Log4JLogChute
2017-06-02 14:01:42,237 - ResourceLoader instantiated: org.apache.velocity.runtime.resource.loader.FileResourceLoader
2017-06-02 14:01:42,240 - Do unicode file recognition:  false
2017-06-02 14:01:42,240 - FileResourceLoader : adding path '.'
2017-06-02 14:01:42,278 - ResourceCache: initialized (class org.apache.velocity.runtime.resource.ResourceCacheImpl) with class java.util.Collections$SynchronizedMap cache map.
2017-06-02 14:01:42,281 - Loaded System Directive: org.apache.velocity.runtime.directive.Stop
2017-06-02 14:01:42,284 - Loaded System Directive: org.apache.velocity.runtime.directive.Define
2017-06-02 14:01:42,286 - Loaded System Directive: org.apache.velocity.runtime.directive.Break
2017-06-02 14:01:42,288 - Loaded System Directive: org.apache.velocity.runtime.directive.Evaluate
2017-06-02 14:01:42,289 - Loaded System Directive: org.apache.velocity.runtime.directive.Literal
2017-06-02 14:01:42,291 - Loaded System Directive: org.apache.velocity.runtime.directive.Macro
2017-06-02 14:01:42,294 - Loaded System Directive: org.apache.velocity.runtime.directive.Parse
2017-06-02 14:01:42,298 - Loaded System Directive: org.apache.velocity.runtime.directive.Include
2017-06-02 14:01:42,300 - Loaded System Directive: org.apache.velocity.runtime.directive.Foreach
2017-06-02 14:01:42,668 - Created '20' parsers.
2017-06-02 14:01:42,687 - Velocimacro : "velocimacro.library" is not set.  Trying default library: VM_global_library.vm
2017-06-02 14:01:42,688 - Velocimacro : Default library not found.
2017-06-02 14:01:42,688 - Velocimacro : allowInline = true : VMs can be defined inline in templates
2017-06-02 14:01:42,688 - Velocimacro : allowInlineToOverride = false : VMs defined inline may NOT replace previous VM definitions
2017-06-02 14:01:42,688 - Velocimacro : allowInlineLocal = false : VMs defined inline will be global in scope if allowed.
2017-06-02 14:01:42,689 - Velocimacro : autoload off : VM system will not automatically reload global library macros
2017-06-02 14:01:42,692 - ResourceManager : unable to find resource '/E:/eclipse/workspace/nontax-windows-install/target/classes//option_comps/appframe/bosssoft_templet.vm' in any resource loader.
2017-06-02 14:06:22,186 - Log4JLogChute initialized using file 'velocity.log'
2017-06-02 14:06:22,187 - Initializing Velocity, Calling init()...
2017-06-02 14:06:22,187 - Starting Apache Velocity v1.7 (compiled: 2010-11-19 12:14:37)
2017-06-02 14:06:22,187 - Default Properties File: org\apache\velocity\runtime\defaults\velocity.properties
2017-06-02 14:06:22,187 - Trying to use logger class org.apache.velocity.runtime.log.AvalonLogChute
2017-06-02 14:06:22,187 - Target log system for org.apache.velocity.runtime.log.AvalonLogChute is not available (java.lang.NoClassDefFoundError: org/apache/log/format/Formatter).  Falling back to next log system...
2017-06-02 14:06:22,187 - Trying to use logger class org.apache.velocity.runtime.log.Log4JLogChute
2017-06-02 14:06:22,187 - Using logger class org.apache.velocity.runtime.log.Log4JLogChute
2017-06-02 14:06:22,194 - ResourceLoader instantiated: org.apache.velocity.runtime.resource.loader.FileResourceLoader
2017-06-02 14:06:22,196 - Do unicode file recognition:  false
2017-06-02 14:06:22,196 - FileResourceLoader : adding path '.'
2017-06-02 14:06:22,212 - ResourceCache: initialized (class org.apache.velocity.runtime.resource.ResourceCacheImpl) with class java.util.Collections$SynchronizedMap cache map.
2017-06-02 14:06:22,216 - Loaded System Directive: org.apache.velocity.runtime.directive.Stop
2017-06-02 14:06:22,218 - Loaded System Directive: org.apache.velocity.runtime.directive.Define
2017-06-02 14:06:22,219 - Loaded System Directive: org.apache.velocity.runtime.directive.Break
2017-06-02 14:06:22,221 - Loaded System Directive: org.apache.velocity.runtime.directive.Evaluate
2017-06-02 14:06:22,223 - Loaded System Directive: org.apache.velocity.runtime.directive.Literal
2017-06-02 14:06:22,225 - Loaded System Directive: org.apache.velocity.runtime.directive.Macro
2017-06-02 14:06:22,228 - Loaded System Directive: org.apache.velocity.runtime.directive.Parse
2017-06-02 14:06:22,230 - Loaded System Directive: org.apache.velocity.runtime.directive.Include
2017-06-02 14:06:22,231 - Loaded System Directive: org.apache.velocity.runtime.directive.Foreach
2017-06-02 14:06:22,277 - Created '20' parsers.
2017-06-02 14:06:22,288 - Velocimacro : "velocimacro.library" is not set.  Trying default library: VM_global_library.vm
2017-06-02 14:06:22,289 - Velocimacro : Default library not found.
2017-06-02 14:06:22,289 - Velocimacro : allowInline = true : VMs can be defined inline in templates
2017-06-02 14:06:22,289 - Velocimacro : allowInlineToOverride = false : VMs defined inline may NOT replace previous VM definitions
2017-06-02 14:06:22,289 - Velocimacro : allowInlineLocal = false : VMs defined inline will be global in scope if allowed.
2017-06-02 14:06:22,289 - Velocimacro : autoload off : VM system will not automatically reload global library macros
2017-06-02 14:06:22,291 - ResourceManager : unable to find resource '/E:/eclipse/workspace/nontax-windows-install/target/classes//option_comps/appframe/bosssoft_templet.vm' in any resource loader.
2017-06-02 14:06:33,216 - Log4JLogChute initialized using file 'velocity.log'
2017-06-02 14:06:33,217 - Initializing Velocity, Calling init()...
2017-06-02 14:06:33,217 - Starting Apache Velocity v1.7 (compiled: 2010-11-19 12:14:37)
2017-06-02 14:06:33,217 - Default Properties File: org\apache\velocity\runtime\defaults\velocity.properties
2017-06-02 14:06:33,217 - Trying to use logger class org.apache.velocity.runtime.log.AvalonLogChute
2017-06-02 14:06:33,218 - Target log system for org.apache.velocity.runtime.log.AvalonLogChute is not available (java.lang.NoClassDefFoundError: org/apache/log/format/Formatter).  Falling back to next log system...
2017-06-02 14:06:33,218 - Trying to use logger class org.apache.velocity.runtime.log.Log4JLogChute
2017-06-02 14:06:33,218 - Using logger class org.apache.velocity.runtime.log.Log4JLogChute
2017-06-02 14:06:33,226 - ResourceLoader instantiated: org.apache.velocity.runtime.resource.loader.FileResourceLoader
2017-06-02 14:06:33,228 - Do unicode file recognition:  false
2017-06-02 14:06:33,228 - FileResourceLoader : adding path '.'
2017-06-02 14:06:33,247 - ResourceCache: initialized (class org.apache.velocity.runtime.resource.ResourceCacheImpl) with class java.util.Collections$SynchronizedMap cache map.
2017-06-02 14:06:33,250 - Loaded System Directive: org.apache.velocity.runtime.directive.Stop
2017-06-02 14:06:33,253 - Loaded System Directive: org.apache.velocity.runtime.directive.Define
2017-06-02 14:06:33,254 - Loaded System Directive: org.apache.velocity.runtime.directive.Break
2017-06-02 14:06:33,256 - Loaded System Directive: org.apache.velocity.runtime.directive.Evaluate
2017-06-02 14:06:33,257 - Loaded System Directive: org.apache.velocity.runtime.directive.Literal
2017-06-02 14:06:33,259 - Loaded System Directive: org.apache.velocity.runtime.directive.Macro
2017-06-02 14:06:33,261 - Loaded System Directive: org.apache.velocity.runtime.directive.Parse
2017-06-02 14:06:33,263 - Loaded System Directive: org.apache.velocity.runtime.directive.Include
2017-06-02 14:06:33,264 - Loaded System Directive: org.apache.velocity.runtime.directive.Foreach
2017-06-02 14:06:33,298 - Created '20' parsers.
2017-06-02 14:06:33,308 - Velocimacro : "velocimacro.library" is not set.  Trying default library: VM_global_library.vm
2017-06-02 14:06:33,309 - Velocimacro : Default library not found.
2017-06-02 14:06:33,309 - Velocimacro : allowInline = true : VMs can be defined inline in templates
2017-06-02 14:06:33,309 - Velocimacro : allowInlineToOverride = false : VMs defined inline may NOT replace previous VM definitions
2017-06-02 14:06:33,309 - Velocimacro : allowInlineLocal = false : VMs defined inline will be global in scope if allowed.
2017-06-02 14:06:33,309 - Velocimacro : autoload off : VM system will not automatically reload global library macros
2017-06-02 14:06:33,310 - ResourceManager : unable to find resource 'E:/eclipse/workspace/nontax-windows-install/target/classes//option_comps/appframe/bosssoft_templet.vm' in any resource loader.
2017-06-02 14:11:55,296 - Log4JLogChute initialized using file 'velocity.log'
2017-06-02 14:11:55,297 - Initializing Velocity, Calling init()...
2017-06-02 14:11:55,297 - Starting Apache Velocity v1.7 (compiled: 2010-11-19 12:14:37)
2017-06-02 14:11:55,297 - Default Properties File: org\apache\velocity\runtime\defaults\velocity.properties
2017-06-02 14:11:55,297 - Trying to use logger class org.apache.velocity.runtime.log.AvalonLogChute
2017-06-02 14:11:55,297 - Target log system for org.apache.velocity.runtime.log.AvalonLogChute is not available (java.lang.NoClassDefFoundError: org/apache/log/format/Formatter).  Falling back to next log system...
2017-06-02 14:11:55,297 - Trying to use logger class org.apache.velocity.runtime.log.Log4JLogChute
2017-06-02 14:11:55,297 - Using logger class org.apache.velocity.runtime.log.Log4JLogChute
2017-06-02 14:11:55,307 - ResourceLoader instantiated: org.apache.velocity.runtime.resource.loader.FileResourceLoader
2017-06-02 14:11:55,310 - Do unicode file recognition:  false
2017-06-02 14:11:55,310 - FileResourceLoader : adding path 'E:/eclipse/workspace/nontax-windows-install/target/classes//option_comps/appframe/bosssoft_templet.vm'
2017-06-02 14:11:55,332 - ResourceCache: initialized (class org.apache.velocity.runtime.resource.ResourceCacheImpl) with class java.util.Collections$SynchronizedMap cache map.
2017-06-02 14:11:55,336 - Loaded System Directive: org.apache.velocity.runtime.directive.Stop
2017-06-02 14:11:55,338 - Loaded System Directive: org.apache.velocity.runtime.directive.Define
2017-06-02 14:11:55,339 - Loaded System Directive: org.apache.velocity.runtime.directive.Break
2017-06-02 14:11:55,340 - Loaded System Directive: org.apache.velocity.runtime.directive.Evaluate
2017-06-02 14:11:55,341 - Loaded System Directive: org.apache.velocity.runtime.directive.Literal
2017-06-02 14:11:55,345 - Loaded System Directive: org.apache.velocity.runtime.directive.Macro
2017-06-02 14:11:55,348 - Loaded System Directive: org.apache.velocity.runtime.directive.Parse
2017-06-02 14:11:55,351 - Loaded System Directive: org.apache.velocity.runtime.directive.Include
2017-06-02 14:11:55,352 - Loaded System Directive: org.apache.velocity.runtime.directive.Foreach
2017-06-02 14:11:55,397 - Created '20' parsers.
2017-06-02 14:11:55,412 - Velocimacro : "velocimacro.library" is not set.  Trying default library: VM_global_library.vm
2017-06-02 14:11:55,412 - Velocimacro : Default library not found.
2017-06-02 14:11:55,412 - Velocimacro : allowInline = true : VMs can be defined inline in templates
2017-06-02 14:11:55,412 - Velocimacro : allowInlineToOverride = false : VMs defined inline may NOT replace previous VM definitions
2017-06-02 14:11:55,412 - Velocimacro : allowInlineLocal = false : VMs defined inline will be global in scope if allowed.
2017-06-02 14:11:55,412 - Velocimacro : autoload off : VM system will not automatically reload global library macros
2017-06-02 14:11:55,414 - ResourceManager : unable to find resource 'E:/eclipse/workspace/nontax-windows-install/target/classes//option_comps/appframe/bosssoft_templet.vm' in any resource loader.
2017-06-02 14:17:16,887 - Log4JLogChute initialized using file 'velocity.log'
2017-06-02 14:17:16,888 - Initializing Velocity, Calling init()...
2017-06-02 14:17:16,888 - Starting Apache Velocity v1.7 (compiled: 2010-11-19 12:14:37)
2017-06-02 14:17:16,888 - Default Properties File: org\apache\velocity\runtime\defaults\velocity.properties
2017-06-02 14:17:16,889 - Trying to use logger class org.apache.velocity.runtime.log.AvalonLogChute
2017-06-02 14:17:16,889 - Target log system for org.apache.velocity.runtime.log.AvalonLogChute is not available (java.lang.NoClassDefFoundError: org/apache/log/format/Formatter).  Falling back to next log system...
2017-06-02 14:17:16,889 - Trying to use logger class org.apache.velocity.runtime.log.Log4JLogChute
2017-06-02 14:17:16,889 - Using logger class org.apache.velocity.runtime.log.Log4JLogChute
2017-06-02 14:17:16,896 - ResourceLoader instantiated: org.apache.velocity.runtime.resource.loader.FileResourceLoader
2017-06-02 14:17:16,898 - Do unicode file recognition:  false
2017-06-02 14:17:16,898 - FileResourceLoader : adding path 'E:/eclipse/workspace/nontax-windows-install/target/classes//option_comps/appframe'
2017-06-02 14:17:16,915 - ResourceCache: initialized (class org.apache.velocity.runtime.resource.ResourceCacheImpl) with class java.util.Collections$SynchronizedMap cache map.
2017-06-02 14:17:16,918 - Loaded System Directive: org.apache.velocity.runtime.directive.Stop
2017-06-02 14:17:16,919 - Loaded System Directive: org.apache.velocity.runtime.directive.Define
2017-06-02 14:17:16,920 - Loaded System Directive: org.apache.velocity.runtime.directive.Break
2017-06-02 14:17:16,922 - Loaded System Directive: org.apache.velocity.runtime.directive.Evaluate
2017-06-02 14:17:16,922 - Loaded System Directive: org.apache.velocity.runtime.directive.Literal
2017-06-02 14:17:16,924 - Loaded System Directive: org.apache.velocity.runtime.directive.Macro
2017-06-02 14:17:16,926 - Loaded System Directive: org.apache.velocity.runtime.directive.Parse
2017-06-02 14:17:16,928 - Loaded System Directive: org.apache.velocity.runtime.directive.Include
2017-06-02 14:17:16,929 - Loaded System Directive: org.apache.velocity.runtime.directive.Foreach
2017-06-02 14:17:16,967 - Created '20' parsers.
2017-06-02 14:17:16,979 - Velocimacro : "velocimacro.library" is not set.  Trying default library: VM_global_library.vm
2017-06-02 14:17:16,979 - Velocimacro : Default library not found.
2017-06-02 14:17:16,979 - Velocimacro : allowInline = true : VMs can be defined inline in templates
2017-06-02 14:17:16,979 - Velocimacro : allowInlineToOverride = false : VMs defined inline may NOT replace previous VM definitions
2017-06-02 14:17:16,979 - Velocimacro : allowInlineLocal = false : VMs defined inline will be global in scope if allowed.
2017-06-02 14:17:16,979 - Velocimacro : autoload off : VM system will not automatically reload global library macros
2017-06-02 14:17:17,019 - ResourceManager : found bosssoft_templet.vm with loader org.apache.velocity.runtime.resource.loader.FileResourceLoader
2017-06-02 14:17:17,041 - Null reference [template 'bosssoft_templet.vm', line 34, column 10] : $DB_URL cannot be resolved.
2017-06-02 14:17:17,041 - Null reference [template 'bosssoft_templet.vm', line 35, column 15] : $DB_USERNAME cannot be resolved.
2017-06-02 14:17:17,041 - Null reference [template 'bosssoft_templet.vm', line 36, column 15] : $DB_PASSWORD cannot be resolved.
2017-06-02 14:17:17,041 - Null reference [template 'bosssoft_templet.vm', line 65, column 37] : $APP_SERVER_PORT cannot be resolved.
2017-06-02 14:17:17,041 - Null reference [template 'bosssoft_templet.vm', line 66, column 29] : $APP_SERVER_PORT cannot be resolved.
2017-06-02 14:17:39,193 - Log4JLogChute initialized using file 'velocity.log'
2017-06-02 14:17:39,194 - Initializing Velocity, Calling init()...
2017-06-02 14:17:39,194 - Starting Apache Velocity v1.7 (compiled: 2010-11-19 12:14:37)
2017-06-02 14:17:39,194 - Default Properties File: org\apache\velocity\runtime\defaults\velocity.properties
2017-06-02 14:17:39,194 - Trying to use logger class org.apache.velocity.runtime.log.AvalonLogChute
2017-06-02 14:17:39,194 - Target log system for org.apache.velocity.runtime.log.AvalonLogChute is not available (java.lang.NoClassDefFoundError: org/apache/log/format/Formatter).  Falling back to next log system...
2017-06-02 14:17:39,194 - Trying to use logger class org.apache.velocity.runtime.log.Log4JLogChute
2017-06-02 14:17:39,194 - Using logger class org.apache.velocity.runtime.log.Log4JLogChute
2017-06-02 14:17:39,204 - ResourceLoader instantiated: org.apache.velocity.runtime.resource.loader.FileResourceLoader
2017-06-02 14:17:39,207 - Do unicode file recognition:  false
2017-06-02 14:17:39,207 - FileResourceLoader : adding path 'E:/eclipse/workspace/nontax-windows-install/target/classes//option_comps/appframe'
2017-06-02 14:17:39,242 - ResourceCache: initialized (class org.apache.velocity.runtime.resource.ResourceCacheImpl) with class java.util.Collections$SynchronizedMap cache map.
2017-06-02 14:17:39,246 - Loaded System Directive: org.apache.velocity.runtime.directive.Stop
2017-06-02 14:17:39,251 - Loaded System Directive: org.apache.velocity.runtime.directive.Define
2017-06-02 14:17:39,253 - Loaded System Directive: org.apache.velocity.runtime.directive.Break
2017-06-02 14:17:39,255 - Loaded System Directive: org.apache.velocity.runtime.directive.Evaluate
2017-06-02 14:17:39,256 - Loaded System Directive: org.apache.velocity.runtime.directive.Literal
2017-06-02 14:17:39,259 - Loaded System Directive: org.apache.velocity.runtime.directive.Macro
2017-06-02 14:17:39,262 - Loaded System Directive: org.apache.velocity.runtime.directive.Parse
2017-06-02 14:17:39,264 - Loaded System Directive: org.apache.velocity.runtime.directive.Include
2017-06-02 14:17:39,266 - Loaded System Directive: org.apache.velocity.runtime.directive.Foreach
2017-06-02 14:17:39,306 - Created '20' parsers.
2017-06-02 14:17:39,321 - Velocimacro : "velocimacro.library" is not set.  Trying default library: VM_global_library.vm
2017-06-02 14:17:39,321 - Velocimacro : Default library not found.
2017-06-02 14:17:39,321 - Velocimacro : allowInline = true : VMs can be defined inline in templates
2017-06-02 14:17:39,321 - Velocimacro : allowInlineToOverride = false : VMs defined inline may NOT replace previous VM definitions
2017-06-02 14:17:39,321 - Velocimacro : allowInlineLocal = false : VMs defined inline will be global in scope if allowed.
2017-06-02 14:17:39,321 - Velocimacro : autoload off : VM system will not automatically reload global library macros
2017-06-02 14:17:42,625 - ResourceManager : found bosssoft_templet.vm with loader org.apache.velocity.runtime.resource.loader.FileResourceLoader
2017-06-02 14:17:47,377 - Null reference [template 'bosssoft_templet.vm', line 34, column 10] : $DB_URL cannot be resolved.
2017-06-02 14:17:47,378 - Null reference [template 'bosssoft_templet.vm', line 35, column 15] : $DB_USERNAME cannot be resolved.
2017-06-02 14:17:47,378 - Null reference [template 'bosssoft_templet.vm', line 36, column 15] : $DB_PASSWORD cannot be resolved.
2017-06-02 14:17:47,379 - Null reference [template 'bosssoft_templet.vm', line 65, column 37] : $APP_SERVER_PORT cannot be resolved.
2017-06-02 14:17:47,379 - Null reference [template 'bosssoft_templet.vm', line 66, column 29] : $APP_SERVER_PORT cannot be resolved.
2017-06-02 14:18:09,484 - Log4JLogChute initialized using file 'velocity.log'
2017-06-02 14:18:09,485 - Initializing Velocity, Calling init()...
2017-06-02 14:18:09,485 - Starting Apache Velocity v1.7 (compiled: 2010-11-19 12:14:37)
2017-06-02 14:18:09,485 - Default Properties File: org\apache\velocity\runtime\defaults\velocity.properties
2017-06-02 14:18:09,485 - Trying to use logger class org.apache.velocity.runtime.log.AvalonLogChute
2017-06-02 14:18:09,485 - Target log system for org.apache.velocity.runtime.log.AvalonLogChute is not available (java.lang.NoClassDefFoundError: org/apache/log/format/Formatter).  Falling back to next log system...
2017-06-02 14:18:09,485 - Trying to use logger class org.apache.velocity.runtime.log.Log4JLogChute
2017-06-02 14:18:09,485 - Using logger class org.apache.velocity.runtime.log.Log4JLogChute
2017-06-02 14:18:09,492 - ResourceLoader instantiated: org.apache.velocity.runtime.resource.loader.FileResourceLoader
2017-06-02 14:18:09,494 - Do unicode file recognition:  false
2017-06-02 14:18:09,495 - FileResourceLoader : adding path 'E:/eclipse/workspace/nontax-windows-install/target/classes//option_comps/appframe'
2017-06-02 14:18:09,514 - ResourceCache: initialized (class org.apache.velocity.runtime.resource.ResourceCacheImpl) with class java.util.Collections$SynchronizedMap cache map.
2017-06-02 14:18:09,516 - Loaded System Directive: org.apache.velocity.runtime.directive.Stop
2017-06-02 14:18:09,518 - Loaded System Directive: org.apache.velocity.runtime.directive.Define
2017-06-02 14:18:09,520 - Loaded System Directive: org.apache.velocity.runtime.directive.Break
2017-06-02 14:18:09,521 - Loaded System Directive: org.apache.velocity.runtime.directive.Evaluate
2017-06-02 14:18:09,523 - Loaded System Directive: org.apache.velocity.runtime.directive.Literal
2017-06-02 14:18:09,525 - Loaded System Directive: org.apache.velocity.runtime.directive.Macro
2017-06-02 14:18:09,526 - Loaded System Directive: org.apache.velocity.runtime.directive.Parse
2017-06-02 14:18:09,528 - Loaded System Directive: org.apache.velocity.runtime.directive.Include
2017-06-02 14:18:09,529 - Loaded System Directive: org.apache.velocity.runtime.directive.Foreach
2017-06-02 14:18:09,562 - Created '20' parsers.
2017-06-02 14:18:09,573 - Velocimacro : "velocimacro.library" is not set.  Trying default library: VM_global_library.vm
2017-06-02 14:18:09,573 - Velocimacro : Default library not found.
2017-06-02 14:18:09,573 - Velocimacro : allowInline = true : VMs can be defined inline in templates
2017-06-02 14:18:09,573 - Velocimacro : allowInlineToOverride = false : VMs defined inline may NOT replace previous VM definitions
2017-06-02 14:18:09,573 - Velocimacro : allowInlineLocal = false : VMs defined inline will be global in scope if allowed.
2017-06-02 14:18:09,573 - Velocimacro : autoload off : VM system will not automatically reload global library macros
2017-06-02 14:18:09,605 - ResourceManager : found bosssoft_templet.vm with loader org.apache.velocity.runtime.resource.loader.FileResourceLoader
2017-06-02 14:18:09,608 - Null reference [template 'bosssoft_templet.vm', line 34, column 10] : $DB_URL cannot be resolved.
2017-06-02 14:18:09,608 - Null reference [template 'bosssoft_templet.vm', line 35, column 15] : $DB_USERNAME cannot be resolved.
2017-06-02 14:18:09,608 - Null reference [template 'bosssoft_templet.vm', line 36, column 15] : $DB_PASSWORD cannot be resolved.
2017-06-02 14:18:09,608 - Null reference [template 'bosssoft_templet.vm', line 65, column 37] : $APP_SERVER_PORT cannot be resolved.
2017-06-02 14:18:09,608 - Null reference [template 'bosssoft_templet.vm', line 66, column 29] : $APP_SERVER_PORT cannot be resolved.
2017-06-02 14:21:48,840 - Log4JLogChute initialized using file 'velocity.log'
2017-06-02 14:21:48,840 - Initializing Velocity, Calling init()...
2017-06-02 14:21:48,840 - Starting Apache Velocity v1.7 (compiled: 2010-11-19 12:14:37)
2017-06-02 14:21:48,841 - Default Properties File: org\apache\velocity\runtime\defaults\velocity.properties
2017-06-02 14:21:48,841 - Trying to use logger class org.apache.velocity.runtime.log.AvalonLogChute
2017-06-02 14:21:48,841 - Target log system for org.apache.velocity.runtime.log.AvalonLogChute is not available (java.lang.NoClassDefFoundError: org/apache/log/format/Formatter).  Falling back to next log system...
2017-06-02 14:21:48,841 - Trying to use logger class org.apache.velocity.runtime.log.Log4JLogChute
2017-06-02 14:21:48,841 - Using logger class org.apache.velocity.runtime.log.Log4JLogChute
2017-06-02 14:21:48,848 - ResourceLoader instantiated: org.apache.velocity.runtime.resource.loader.FileResourceLoader
2017-06-02 14:21:48,850 - Do unicode file recognition:  false
2017-06-02 14:21:48,850 - FileResourceLoader : adding path 'E:\eclipse\workspace\nontax-windows-install\target\classes\option_comps\appframe'
2017-06-02 14:21:48,867 - ResourceCache: initialized (class org.apache.velocity.runtime.resource.ResourceCacheImpl) with class java.util.Collections$SynchronizedMap cache map.
2017-06-02 14:21:48,870 - Loaded System Directive: org.apache.velocity.runtime.directive.Stop
2017-06-02 14:21:48,873 - Loaded System Directive: org.apache.velocity.runtime.directive.Define
2017-06-02 14:21:48,874 - Loaded System Directive: org.apache.velocity.runtime.directive.Break
2017-06-02 14:21:48,875 - Loaded System Directive: org.apache.velocity.runtime.directive.Evaluate
2017-06-02 14:21:48,876 - Loaded System Directive: org.apache.velocity.runtime.directive.Literal
2017-06-02 14:21:48,878 - Loaded System Directive: org.apache.velocity.runtime.directive.Macro
2017-06-02 14:21:48,881 - Loaded System Directive: org.apache.velocity.runtime.directive.Parse
2017-06-02 14:21:48,884 - Loaded System Directive: org.apache.velocity.runtime.directive.Include
2017-06-02 14:21:48,885 - Loaded System Directive: org.apache.velocity.runtime.directive.Foreach
2017-06-02 14:21:48,920 - Created '20' parsers.
2017-06-02 14:21:48,930 - Velocimacro : "velocimacro.library" is not set.  Trying default library: VM_global_library.vm
2017-06-02 14:21:48,931 - Velocimacro : Default library not found.
2017-06-02 14:21:48,931 - Velocimacro : allowInline = true : VMs can be defined inline in templates
2017-06-02 14:21:48,931 - Velocimacro : allowInlineToOverride = false : VMs defined inline may NOT replace previous VM definitions
2017-06-02 14:21:48,931 - Velocimacro : allowInlineLocal = false : VMs defined inline will be global in scope if allowed.
2017-06-02 14:21:48,931 - Velocimacro : autoload off : VM system will not automatically reload global library macros
2017-06-02 14:21:48,948 - ResourceManager : found bosssoft_templet.vm with loader org.apache.velocity.runtime.resource.loader.FileResourceLoader
2017-06-02 14:21:48,951 - Null reference [template 'bosssoft_templet.vm', line 34, column 10] : $DB_URL cannot be resolved.
2017-06-02 14:21:48,951 - Null reference [template 'bosssoft_templet.vm', line 35, column 15] : $DB_USERNAME cannot be resolved.
2017-06-02 14:21:48,951 - Null reference [template 'bosssoft_templet.vm', line 36, column 15] : $DB_PASSWORD cannot be resolved.
2017-06-02 14:21:48,951 - Null reference [template 'bosssoft_templet.vm', line 65, column 37] : $APP_SERVER_PORT cannot be resolved.
2017-06-02 14:21:48,951 - Null reference [template 'bosssoft_templet.vm', line 66, column 29] : $APP_SERVER_PORT cannot be resolved.
2017-06-02 14:22:46,385 - Log4JLogChute initialized using file 'velocity.log'
2017-06-02 14:22:46,386 - Initializing Velocity, Calling init()...
2017-06-02 14:22:46,386 - Starting Apache Velocity v1.7 (compiled: 2010-11-19 12:14:37)
2017-06-02 14:22:46,386 - Default Properties File: org\apache\velocity\runtime\defaults\velocity.properties
2017-06-02 14:22:46,386 - Trying to use logger class org.apache.velocity.runtime.log.AvalonLogChute
2017-06-02 14:22:46,386 - Target log system for org.apache.velocity.runtime.log.AvalonLogChute is not available (java.lang.NoClassDefFoundError: org/apache/log/format/Formatter).  Falling back to next log system...
2017-06-02 14:22:46,386 - Trying to use logger class org.apache.velocity.runtime.log.Log4JLogChute
2017-06-02 14:22:46,386 - Using logger class org.apache.velocity.runtime.log.Log4JLogChute
2017-06-02 14:22:46,394 - ResourceLoader instantiated: org.apache.velocity.runtime.resource.loader.FileResourceLoader
2017-06-02 14:22:46,397 - Do unicode file recognition:  false
2017-06-02 14:22:46,397 - FileResourceLoader : adding path 'E:\eclipse\workspace\nontax-windows-install\target\classes\option_comps\appframe'
2017-06-02 14:22:46,413 - ResourceCache: initialized (class org.apache.velocity.runtime.resource.ResourceCacheImpl) with class java.util.Collections$SynchronizedMap cache map.
2017-06-02 14:22:46,416 - Loaded System Directive: org.apache.velocity.runtime.directive.Stop
2017-06-02 14:22:46,419 - Loaded System Directive: org.apache.velocity.runtime.directive.Define
2017-06-02 14:22:46,420 - Loaded System Directive: org.apache.velocity.runtime.directive.Break
2017-06-02 14:22:46,422 - Loaded System Directive: org.apache.velocity.runtime.directive.Evaluate
2017-06-02 14:22:46,423 - Loaded System Directive: org.apache.velocity.runtime.directive.Literal
2017-06-02 14:22:46,425 - Loaded System Directive: org.apache.velocity.runtime.directive.Macro
2017-06-02 14:22:46,427 - Loaded System Directive: org.apache.velocity.runtime.directive.Parse
2017-06-02 14:22:46,429 - Loaded System Directive: org.apache.velocity.runtime.directive.Include
2017-06-02 14:22:46,430 - Loaded System Directive: org.apache.velocity.runtime.directive.Foreach
2017-06-02 14:22:46,463 - Created '20' parsers.
2017-06-02 14:22:46,474 - Velocimacro : "velocimacro.library" is not set.  Trying default library: VM_global_library.vm
2017-06-02 14:22:46,474 - Velocimacro : Default library not found.
2017-06-02 14:22:46,474 - Velocimacro : allowInline = true : VMs can be defined inline in templates
2017-06-02 14:22:46,474 - Velocimacro : allowInlineToOverride = false : VMs defined inline may NOT replace previous VM definitions
2017-06-02 14:22:46,474 - Velocimacro : allowInlineLocal = false : VMs defined inline will be global in scope if allowed.
2017-06-02 14:22:46,474 - Velocimacro : autoload off : VM system will not automatically reload global library macros
2017-06-02 14:22:46,491 - ResourceManager : found bosssoft_templet.vm with loader org.apache.velocity.runtime.resource.loader.FileResourceLoader
2017-06-02 14:22:46,494 - Null reference [template 'bosssoft_templet.vm', line 34, column 10] : $DB_URL cannot be resolved.
2017-06-02 14:22:46,494 - Null reference [template 'bosssoft_templet.vm', line 35, column 15] : $DB_USERNAME cannot be resolved.
2017-06-02 14:22:46,494 - Null reference [template 'bosssoft_templet.vm', line 36, column 15] : $DB_PASSWORD cannot be resolved.
2017-06-02 14:22:46,494 - Null reference [template 'bosssoft_templet.vm', line 65, column 37] : $APP_SERVER_PORT cannot be resolved.
2017-06-02 14:22:46,494 - Null reference [template 'bosssoft_templet.vm', line 66, column 29] : $APP_SERVER_PORT cannot be resolved.
2017-06-02 14:30:24,707 - Log4JLogChute initialized using file 'velocity.log'
2017-06-02 14:30:24,735 - Initializing Velocity, Calling init()...
2017-06-02 14:30:24,735 - Starting Apache Velocity v1.7 (compiled: 2010-11-19 12:14:37)
2017-06-02 14:30:24,735 - Default Properties File: org\apache\velocity\runtime\defaults\velocity.properties
2017-06-02 14:30:24,735 - Trying to use logger class org.apache.velocity.runtime.log.AvalonLogChute
2017-06-02 14:30:24,735 - Target log system for org.apache.velocity.runtime.log.AvalonLogChute is not available (java.lang.NoClassDefFoundError: org/apache/log/format/Formatter).  Falling back to next log system...
2017-06-02 14:30:24,736 - Trying to use logger class org.apache.velocity.runtime.log.Log4JLogChute
2017-06-02 14:30:24,736 - Using logger class org.apache.velocity.runtime.log.Log4JLogChute
2017-06-02 14:30:24,750 - ResourceLoader instantiated: org.apache.velocity.runtime.resource.loader.FileResourceLoader
2017-06-02 14:30:24,753 - Do unicode file recognition:  false
2017-06-02 14:30:24,753 - FileResourceLoader : adding path '${INSTALL_ROOT}\option_comps\appframe'
2017-06-02 14:30:24,814 - ResourceCache: initialized (class org.apache.velocity.runtime.resource.ResourceCacheImpl) with class java.util.Collections$SynchronizedMap cache map.
2017-06-02 14:30:24,817 - Loaded System Directive: org.apache.velocity.runtime.directive.Stop
2017-06-02 14:30:24,821 - Loaded System Directive: org.apache.velocity.runtime.directive.Define
2017-06-02 14:30:24,822 - Loaded System Directive: org.apache.velocity.runtime.directive.Break
2017-06-02 14:30:24,823 - Loaded System Directive: org.apache.velocity.runtime.directive.Evaluate
2017-06-02 14:30:24,823 - Loaded System Directive: org.apache.velocity.runtime.directive.Literal
2017-06-02 14:30:24,825 - Loaded System Directive: org.apache.velocity.runtime.directive.Macro
2017-06-02 14:30:24,826 - Loaded System Directive: org.apache.velocity.runtime.directive.Parse
2017-06-02 14:30:24,829 - Loaded System Directive: org.apache.velocity.runtime.directive.Include
2017-06-02 14:30:24,830 - Loaded System Directive: org.apache.velocity.runtime.directive.Foreach
2017-06-02 14:30:25,146 - Created '20' parsers.
2017-06-02 14:30:25,158 - Velocimacro : "velocimacro.library" is not set.  Trying default library: VM_global_library.vm
2017-06-02 14:30:25,159 - Velocimacro : Default library not found.
2017-06-02 14:30:25,159 - Velocimacro : allowInline = true : VMs can be defined inline in templates
2017-06-02 14:30:25,159 - Velocimacro : allowInlineToOverride = false : VMs defined inline may NOT replace previous VM definitions
2017-06-02 14:30:25,159 - Velocimacro : allowInlineLocal = false : VMs defined inline will be global in scope if allowed.
2017-06-02 14:30:25,159 - Velocimacro : autoload off : VM system will not automatically reload global library macros
2017-06-02 14:30:25,161 - ResourceManager : unable to find resource 'bosssoft_templet.vm' in any resource loader.
2017-06-02 14:37:30,816 - Log4JLogChute initialized using file 'velocity.log'
2017-06-02 14:37:31,288 - Initializing Velocity, Calling init()...
2017-06-02 14:37:31,288 - Starting Apache Velocity v1.7 (compiled: 2010-11-19 12:14:37)
2017-06-02 14:37:31,288 - Default Properties File: org\apache\velocity\runtime\defaults\velocity.properties
2017-06-02 14:37:31,288 - Trying to use logger class org.apache.velocity.runtime.log.AvalonLogChute
2017-06-02 14:37:31,288 - Target log system for org.apache.velocity.runtime.log.AvalonLogChute is not available (java.lang.NoClassDefFoundError: org/apache/log/format/Formatter).  Falling back to next log system...
2017-06-02 14:37:31,289 - Trying to use logger class org.apache.velocity.runtime.log.Log4JLogChute
2017-06-02 14:37:31,289 - Using logger class org.apache.velocity.runtime.log.Log4JLogChute
2017-06-02 14:37:31,302 - ResourceLoader instantiated: org.apache.velocity.runtime.resource.loader.FileResourceLoader
2017-06-02 14:37:31,304 - Do unicode file recognition:  false
2017-06-02 14:37:31,304 - FileResourceLoader : adding path 'E:\eclipse\workspace\nontax-windows-install\target\classes\option_comps\appframe'
2017-06-02 14:37:31,323 - ResourceCache: initialized (class org.apache.velocity.runtime.resource.ResourceCacheImpl) with class java.util.Collections$SynchronizedMap cache map.
2017-06-02 14:37:31,327 - Loaded System Directive: org.apache.velocity.runtime.directive.Stop
2017-06-02 14:37:31,331 - Loaded System Directive: org.apache.velocity.runtime.directive.Define
2017-06-02 14:37:31,332 - Loaded System Directive: org.apache.velocity.runtime.directive.Break
2017-06-02 14:37:31,334 - Loaded System Directive: org.apache.velocity.runtime.directive.Evaluate
2017-06-02 14:37:31,336 - Loaded System Directive: org.apache.velocity.runtime.directive.Literal
2017-06-02 14:37:31,339 - Loaded System Directive: org.apache.velocity.runtime.directive.Macro
2017-06-02 14:37:31,343 - Loaded System Directive: org.apache.velocity.runtime.directive.Parse
2017-06-02 14:37:31,348 - Loaded System Directive: org.apache.velocity.runtime.directive.Include
2017-06-02 14:37:31,351 - Loaded System Directive: org.apache.velocity.runtime.directive.Foreach
2017-06-02 14:37:31,385 - Created '20' parsers.
2017-06-02 14:37:31,393 - Velocimacro : "velocimacro.library" is not set.  Trying default library: VM_global_library.vm
2017-06-02 14:37:31,393 - Velocimacro : Default library not found.
2017-06-02 14:37:31,393 - Velocimacro : allowInline = true : VMs can be defined inline in templates
2017-06-02 14:37:31,393 - Velocimacro : allowInlineToOverride = false : VMs defined inline may NOT replace previous VM definitions
2017-06-02 14:37:31,394 - Velocimacro : allowInlineLocal = false : VMs defined inline will be global in scope if allowed.
2017-06-02 14:37:31,394 - Velocimacro : autoload off : VM system will not automatically reload global library macros
2017-06-02 14:37:31,961 - ResourceManager : found bosssoft_templet.vm with loader org.apache.velocity.runtime.resource.loader.FileResourceLoader
2017-06-05 16:18:27,862 - Log4JLogChute initialized using file 'velocity.log'
2017-06-05 16:18:27,880 - Initializing Velocity, Calling init()...
2017-06-05 16:18:27,880 - Starting Apache Velocity v1.7 (compiled: 2010-11-19 12:14:37)
2017-06-05 16:18:27,880 - Default Properties File: org\apache\velocity\runtime\defaults\velocity.properties
2017-06-05 16:18:27,880 - Trying to use logger class org.apache.velocity.runtime.log.AvalonLogChute
2017-06-05 16:18:27,880 - Target log system for org.apache.velocity.runtime.log.AvalonLogChute is not available (java.lang.NoClassDefFoundError: org/apache/log/format/Formatter).  Falling back to next log system...
2017-06-05 16:18:27,880 - Trying to use logger class org.apache.velocity.runtime.log.Log4JLogChute
2017-06-05 16:18:27,880 - Using logger class org.apache.velocity.runtime.log.Log4JLogChute
2017-06-05 16:18:27,889 - ResourceLoader instantiated: org.apache.velocity.runtime.resource.loader.FileResourceLoader
2017-06-05 16:18:27,891 - Do unicode file recognition:  false
2017-06-05 16:18:27,891 - FileResourceLoader : adding path 'E:\eclipse\workspace\nontax-windows-install\target\classes\option_comps\appframe'
2017-06-05 16:18:27,931 - ResourceCache: initialized (class org.apache.velocity.runtime.resource.ResourceCacheImpl) with class java.util.Collections$SynchronizedMap cache map.
2017-06-05 16:18:27,934 - Loaded System Directive: org.apache.velocity.runtime.directive.Stop
2017-06-05 16:18:27,935 - Loaded System Directive: org.apache.velocity.runtime.directive.Define
2017-06-05 16:18:27,936 - Loaded System Directive: org.apache.velocity.runtime.directive.Break
2017-06-05 16:18:27,938 - Loaded System Directive: org.apache.velocity.runtime.directive.Evaluate
2017-06-05 16:18:27,939 - Loaded System Directive: org.apache.velocity.runtime.directive.Literal
2017-06-05 16:18:27,941 - Loaded System Directive: org.apache.velocity.runtime.directive.Macro
2017-06-05 16:18:27,943 - Loaded System Directive: org.apache.velocity.runtime.directive.Parse
2017-06-05 16:18:27,945 - Loaded System Directive: org.apache.velocity.runtime.directive.Include
2017-06-05 16:18:27,946 - Loaded System Directive: org.apache.velocity.runtime.directive.Foreach
2017-06-05 16:18:28,024 - Created '20' parsers.
2017-06-05 16:18:28,049 - Velocimacro : "velocimacro.library" is not set.  Trying default library: VM_global_library.vm
2017-06-05 16:18:28,049 - Velocimacro : Default library not found.
2017-06-05 16:18:28,049 - Velocimacro : allowInline = true : VMs can be defined inline in templates
2017-06-05 16:18:28,049 - Velocimacro : allowInlineToOverride = false : VMs defined inline may NOT replace previous VM definitions
2017-06-05 16:18:28,049 - Velocimacro : allowInlineLocal = false : VMs defined inline will be global in scope if allowed.
2017-06-05 16:18:28,049 - Velocimacro : autoload off : VM system will not automatically reload global library macros
2017-06-05 16:18:28,083 - ResourceManager : found bosssoft_templet.vm with loader org.apache.velocity.runtime.resource.loader.FileResourceLoader
